
[EMAIL SENT]
Timestamp: 2026-05-22T09:05:32.455Z
To: paul@paul.com
Subject: New Document from Scope Connect: scope_report_2026-05-11.pdf
Body: Hello Paul,

A new brochure has been shared with Sister Nivedita University via Scope Connect.

File: scope_report_2026-05-11.pdf
View here: /api/v1/files/6a101c56ace079a9a120591a

Best regards,
Scope Connect Admin
Attachments: scope_report_2026-05-11.pdf
--------------------------------------------------

[EMAIL SENT]
Timestamp: 2026-05-22T09:06:04.975Z
To: paul@paul.com
Subject: New Document from Scope Connect: Scope Connect Draft.pdf
Body: Hello Paul,

A new document has been shared with Sister Nivedita University via Scope Connect.

File: Scope Connect Draft.pdf
View here: /api/v1/files/6a04355ef94d24bb0bcf2c87

Best regards,
Scope Connect Admin
Attachments: Scope Connect Draft.pdf
--------------------------------------------------

[EMAIL SENT]
Timestamp: 2026-05-26T07:27:31.058Z
To: subhadeep100100@gmail.com
Subject: Reset your Scope Connect password
Body: Hi Subhadeep Paul,

We received a request to reset your password.
Use this link to set a new password: http://localhost:8080/reset-password?token=834d264c53c48c281d170988edc042d068c19260de11568b9d43ef6b8a7dbe92

This link expires in 15 minutes.
If you did not request this, you can ignore this email.
Attachments: 
--------------------------------------------------

[EMAIL SENT]
Timestamp: 2026-06-16T07:24:19.978Z
To: subhadeep100100@gmail.com
Subject: Reset your Scope Connect password
Body: Hi Subhadeep Paul,

We received a request to reset your password.
Use this link to set a new password: http://localhost:8080/reset-password?token=8977cf47af4348f2d42f6f60034947bd1a49c72718ce6e5424a1562c5824e235

This link expires in 15 minutes.
If you did not request this, you can ignore this email.
Attachments: 
--------------------------------------------------
